Base path: C:/Program Files/Unity/Editor/Data
Pipe name: \\.\pipe\UnityShaderCompiler-64bit-1-7148
Cmd: getPlatforms
Cmd: preprocess
  insize=3489 outsize=1805 ok=1
Cmd: compileSnippet
  error: 2 plat 4 at (98): 'vert': output parameter 'o' not completely initialized\nCompiling Vertex program with DIRECTIONAL SHADOWS_OFF LIGHTMAP_OFF DIRLIGHTMAP_OFF DYNAMICLIGHTMAP_OFF
  error: 1 plat 4 at (120): 'dot': implicit truncation of vector type\nCompiling Vertex program with DIRECTIONAL SHADOWS_OFF LIGHTMAP_OFF DIRLIGHTMAP_OFF DYNAMICLIGHTMAP_OFF
  error: 1 plat 4 at (121): 'texCUBE': implicit truncation of vector type\nCompiling Vertex program with DIRECTIONAL SHADOWS_OFF LIGHTMAP_OFF DIRLIGHTMAP_OFF DYNAMICLIGHTMAP_OFF
  error: 1 plat 4 at (132): implicit truncation of vector type\nCompiling Vertex program with DIRECTIONAL SHADOWS_OFF LIGHTMAP_OFF DIRLIGHTMAP_OFF DYNAMICLIGHTMAP_OFF
  error: 1 plat 4 at (133): implicit truncation of vector type\nCompiling Vertex program with DIRECTIONAL SHADOWS_OFF LIGHTMAP_OFF DIRLIGHTMAP_OFF DYNAMICLIGHTMAP_OFF
  error: 1 plat 4 at (134): implicit truncation of vector type\nCompiling Vertex program with DIRECTIONAL SHADOWS_OFF LIGHTMAP_OFF DIRLIGHTMAP_OFF DYNAMICLIGHTMAP_OFF
  error: 1 plat 4 at (135): implicit truncation of vector type\nCompiling Vertex program with DIRECTIONAL SHADOWS_OFF LIGHTMAP_OFF DIRLIGHTMAP_OFF DYNAMICLIGHTMAP_OFF
  api=4 type=0 insize=10490 outsize=0 kw=DIRECTIONAL SHADOWS_OFF LIGHTMAP_OFF DIRLIGHTMAP_OFF DYNAMICLIGHTMAP_OFF ok=0
Cmd: preprocess
  insize=510 outsize=1505 ok=1
Cmd: compileSnippet
  api=4 type=0 insize=6959 outsize=3793 kw=DIRECTIONAL SHADOWS_OFF LIGHTMAP_OFF DIRLIGHTMAP_OFF DYNAMICLIGHTMAP_OFF ok=1
Cmd: compileSnippet
  api=4 type=1 insize=6959 outsize=1372 kw=DIRECTIONAL SHADOWS_OFF LIGHTMAP_OFF DIRLIGHTMAP_OFF DYNAMICLIGHTMAP_OFF ok=1
Cmd: compileSnippet
  api=4 type=0 insize=3771 outsize=2883 kw=POINT ok=1
Cmd: compileSnippet
  api=4 type=1 insize=3771 outsize=2005 kw=POINT ok=1
Cmd: compileSnippet
  api=4 type=0 insize=2855 outsize=2517 kw= ok=1
Cmd: compileSnippet
  api=4 type=1 insize=2855 outsize=681 kw= ok=1
Cmd: compileSnippet
  api=4 type=0 insize=6098 outsize=4207 kw=LIGHTMAP_OFF DIRLIGHTMAP_OFF DYNAMICLIGHTMAP_OFF HDR_LIGHT_PREPASS_OFF ok=1
Cmd: compileSnippet
  api=4 type=1 insize=6098 outsize=1388 kw=LIGHTMAP_OFF DIRLIGHTMAP_OFF DYNAMICLIGHTMAP_OFF HDR_LIGHT_PREPASS_OFF ok=1
Cmd: compileSnippet
  api=4 type=0 insize=6052 outsize=3931 kw=LIGHTMAP_OFF DIRLIGHTMAP_OFF DYNAMICLIGHTMAP_OFF HDR_LIGHT_PREPASS_OFF ok=1
Cmd: compileSnippet
  api=4 type=1 insize=6052 outsize=1672 kw=LIGHTMAP_OFF DIRLIGHTMAP_OFF DYNAMICLIGHTMAP_OFF HDR_LIGHT_PREPASS_OFF ok=1
Cmd: compileSnippet
  api=4 type=0 insize=3120 outsize=2615 kw= ok=1
Cmd: compileSnippet
  api=4 type=1 insize=3120 outsize=1372 kw= ok=1
Cmd: preprocess
  insize=808 outsize=1385 ok=1
Cmd: compileSnippet
  api=4 type=0 insize=6492 outsize=3427 kw=DIRECTIONAL LIGHTMAP_OFF DIRLIGHTMAP_OFF DYNAMICLIGHTMAP_OFF ok=1
Cmd: compileSnippet
  api=4 type=1 insize=6492 outsize=608 kw=DIRECTIONAL LIGHTMAP_OFF DIRLIGHTMAP_OFF DYNAMICLIGHTMAP_OFF ok=1
Cmd: compileSnippet
  api=4 type=0 insize=3370 outsize=2517 kw=POINT ok=1
Cmd: compileSnippet
  api=4 type=1 insize=3370 outsize=559 kw=POINT ok=1
Cmd: compileSnippet
  api=4 type=0 insize=2802 outsize=2249 kw= ok=1
Cmd: compileSnippet
  api=4 type=1 insize=2802 outsize=868 kw= ok=1
Cmd: preprocess
  insize=2374 outsize=1459 ok=1
Cmd: compileSnippet
  error: 2 plat 4 at (81): 'vert': output parameter 'o' not completely initialized\nCompiling Vertex program with DIRECTIONAL SHADOWS_OFF LIGHTMAP_OFF DIRLIGHTMAP_OFF DYNAMICLIGHTMAP_OFF
  error: 1 plat 4 at (108): implicit truncation of vector type\nCompiling Vertex program with DIRECTIONAL SHADOWS_OFF LIGHTMAP_OFF DIRLIGHTMAP_OFF DYNAMICLIGHTMAP_OFF
  error: 1 plat 4 at (109): implicit truncation of vector type\nCompiling Vertex program with DIRECTIONAL SHADOWS_OFF LIGHTMAP_OFF DIRLIGHTMAP_OFF DYNAMICLIGHTMAP_OFF
  api=4 type=0 insize=9000 outsize=0 kw=DIRECTIONAL SHADOWS_OFF LIGHTMAP_OFF DIRLIGHTMAP_OFF DYNAMICLIGHTMAP_OFF ok=0
Cmd: preprocess
  insize=2946 outsize=1410 ok=1
Cmd: compileSnippet
  api=4 type=0 insize=8278 outsize=4020 kw=DIRECTIONAL SHADOWS_OFF LIGHTMAP_OFF DIRLIGHTMAP_OFF DYNAMICLIGHTMAP_OFF ok=1
Cmd: compileSnippet
  api=4 type=1 insize=8278 outsize=1071 kw=DIRECTIONAL SHADOWS_OFF LIGHTMAP_OFF DIRLIGHTMAP_OFF DYNAMICLIGHTMAP_OFF ok=1
Cmd: compileSnippet
  api=4 type=0 insize=6392 outsize=3833 kw=POINT ok=1
Cmd: compileSnippet
  api=4 type=1 insize=6392 outsize=705 kw=POINT ok=1
Cmd: compileSnippet
  api=4 type=0 insize=5837 outsize=3452 kw= ok=1
Cmd: compileSnippet
  api=4 type=1 insize=5837 outsize=965 kw= ok=1
Cmd: compileSnippet
  api=4 type=0 insize=7606 outsize=1916 kw=LIGHTMAP_OFF DIRLIGHTMAP_OFF DYNAMICLIGHTMAP_OFF HDR_LIGHT_PREPASS_OFF ok=1
Cmd: compileSnippet
  api=4 type=1 insize=7606 outsize=973 kw=LIGHTMAP_OFF DIRLIGHTMAP_OFF DYNAMICLIGHTMAP_OFF HDR_LIGHT_PREPASS_OFF ok=1
Cmd: preprocess
  insize=3598 outsize=1714 ok=1
Cmd: compileSnippet
  error: 2 plat 4 at (100): 'vert': output parameter 'o' not completely initialized\nCompiling Vertex program with DIRECTIONAL SHADOWS_OFF LIGHTMAP_OFF DIRLIGHTMAP_OFF DYNAMICLIGHTMAP_OFF
  error: 1 plat 4 at (122): 'dot': implicit truncation of vector type\nCompiling Vertex program with DIRECTIONAL SHADOWS_OFF LIGHTMAP_OFF DIRLIGHTMAP_OFF DYNAMICLIGHTMAP_OFF
  error: 1 plat 4 at (123): 'texCUBE': implicit truncation of vector type\nCompiling Vertex program with DIRECTIONAL SHADOWS_OFF LIGHTMAP_OFF DIRLIGHTMAP_OFF DYNAMICLIGHTMAP_OFF
  error: 1 plat 4 at (133): implicit truncation of vector type\nCompiling Vertex program with DIRECTIONAL SHADOWS_OFF LIGHTMAP_OFF DIRLIGHTMAP_OFF DYNAMICLIGHTMAP_OFF
  error: 1 plat 4 at (134): implicit truncation of vector type\nCompiling Vertex program with DIRECTIONAL SHADOWS_OFF LIGHTMAP_OFF DIRLIGHTMAP_OFF DYNAMICLIGHTMAP_OFF
  error: 1 plat 4 at (135): implicit truncation of vector type\nCompiling Vertex program with DIRECTIONAL SHADOWS_OFF LIGHTMAP_OFF DIRLIGHTMAP_OFF DYNAMICLIGHTMAP_OFF
  error: 1 plat 4 at (136): implicit truncation of vector type\nCompiling Vertex program with DIRECTIONAL SHADOWS_OFF LIGHTMAP_OFF DIRLIGHTMAP_OFF DYNAMICLIGHTMAP_OFF
  error: 1 plat 4 at (137): implicit truncation of vector type\nCompiling Vertex program with DIRECTIONAL SHADOWS_OFF LIGHTMAP_OFF DIRLIGHTMAP_OFF DYNAMICLIGHTMAP_OFF
  api=4 type=0 insize=9863 outsize=0 kw=DIRECTIONAL SHADOWS_OFF LIGHTMAP_OFF DIRLIGHTMAP_OFF DYNAMICLIGHTMAP_OFF ok=0
Cmd: compileSnippet
  api=4 type=0 insize=982 outsize=4622 kw=DIRECTIONAL SHADOWS_OFF LIGHTMAP_OFF DIRLIGHTMAP_OFF DYNAMICLIGHTMAP_OFF _NORMALMAP ok=1
Cmd: compileSnippet
  api=4 type=1 insize=982 outsize=11276 kw=DIRECTIONAL SHADOWS_OFF LIGHTMAP_OFF DIRLIGHTMAP_OFF DYNAMICLIGHTMAP_OFF _NORMALMAP ok=1
Cmd: compileSnippet
  api=4 type=0 insize=938 outsize=4020 kw=DIRECTIONAL SHADOWS_OFF _NORMALMAP ok=1
Cmd: compileSnippet
  api=4 type=1 insize=938 outsize=6141 kw=DIRECTIONAL SHADOWS_OFF _NORMALMAP ok=1
Cmd: compileSnippet
  api=4 type=0 insize=1706 outsize=1274 kw=SOFTPARTICLES_OFF ok=1
Cmd: compileSnippet
  api=4 type=1 insize=1706 outsize=852 kw=SOFTPARTICLES_OFF ok=1
Cmd: compileSnippet
  api=4 type=0 insize=1642 outsize=1274 kw=SOFTPARTICLES_OFF ok=1
Cmd: compileSnippet
  api=4 type=1 insize=1642 outsize=908 kw=SOFTPARTICLES_OFF ok=1
Cmd: compileSnippet
  api=4 type=0 insize=3370 outsize=2517 kw=DIRECTIONAL ok=1
Cmd: compileSnippet
  api=4 type=1 insize=3370 outsize=559 kw=DIRECTIONAL ok=1
Cmd: compileSnippet
  api=4 type=0 insize=6392 outsize=3833 kw=DIRECTIONAL ok=1
Cmd: compileSnippet
  api=4 type=1 insize=6392 outsize=705 kw=DIRECTIONAL ok=1
Cmd: compileSnippet
  api=4 type=0 insize=751 outsize=3760 kw=SHADOWS_DEPTH _ALPHABLEND_ON ok=1
Cmd: compileSnippet
  api=4 type=1 insize=751 outsize=1217 kw=SHADOWS_DEPTH _ALPHABLEND_ON ok=1
Cmd: compileSnippet
  api=4 type=0 insize=982 outsize=3963 kw=DIRECTIONAL SHADOWS_OFF LIGHTMAP_OFF DIRLIGHTMAP_OFF DYNAMICLIGHTMAP_OFF _ALPHABLEND_ON ok=1
Cmd: compileSnippet
  api=4 type=1 insize=982 outsize=10512 kw=DIRECTIONAL SHADOWS_OFF LIGHTMAP_OFF DIRLIGHTMAP_OFF DYNAMICLIGHTMAP_OFF _ALPHABLEND_ON ok=1
Cmd: compileSnippet
  api=4 type=0 insize=938 outsize=4020 kw=DIRECTIONAL SHADOWS_OFF _ALPHABLEND_ON ok=1
Cmd: compileSnippet
  api=4 type=1 insize=938 outsize=5467 kw=DIRECTIONAL SHADOWS_OFF _ALPHABLEND_ON ok=1
Cmd: compileSnippet
  api=4 type=0 insize=6731 outsize=3647 kw=DIRECTIONAL LIGHTMAP_OFF DIRLIGHTMAP_OFF DYNAMICLIGHTMAP_OFF ok=1
Cmd: compileSnippet
  api=4 type=1 insize=6731 outsize=1298 kw=DIRECTIONAL LIGHTMAP_OFF DIRLIGHTMAP_OFF DYNAMICLIGHTMAP_OFF ok=1
Cmd: compileSnippet
  api=4 type=0 insize=3569 outsize=2737 kw=DIRECTIONAL ok=1
Cmd: compileSnippet
  api=4 type=1 insize=3569 outsize=1152 kw=DIRECTIONAL ok=1
Cmd: compileSnippet
  api=4 type=0 insize=7257 outsize=4857 kw=DIRECTIONAL SHADOWS_OFF LIGHTMAP_OFF DIRLIGHTMAP_OFF DYNAMICLIGHTMAP_OFF ok=1
Cmd: compileSnippet
  api=4 type=1 insize=7257 outsize=2038 kw=DIRECTIONAL SHADOWS_OFF LIGHTMAP_OFF DIRLIGHTMAP_OFF DYNAMICLIGHTMAP_OFF ok=1
Cmd: compileSnippet
  api=4 type=0 insize=4694 outsize=3939 kw=DIRECTIONAL ok=1
Cmd: compileSnippet
  api=4 type=1 insize=4694 outsize=1940 kw=DIRECTIONAL ok=1
Cmd: compileSnippet
  api=4 type=0 insize=3923 outsize=5458 kw=SPOT FOG_EXP ok=1
Cmd: compileSnippet
  api=4 type=1 insize=3923 outsize=2842 kw=SPOT FOG_EXP ok=1
Cmd: compileSnippet
  api=4 type=0 insize=1705 outsize=1534 kw=FOG_EXP SOFTPARTICLES_OFF ok=1
Cmd: compileSnippet
  api=4 type=1 insize=1705 outsize=1120 kw=FOG_EXP SOFTPARTICLES_OFF ok=1
Cmd: compileSnippet
  api=4 type=0 insize=4314 outsize=5832 kw=SPOT FOG_EXP ok=1
Cmd: compileSnippet
  api=4 type=1 insize=4314 outsize=2842 kw=SPOT FOG_EXP ok=1
Cmd: compileSnippet
  api=4 type=0 insize=65644 outsize=6888 kw=DIRECTIONAL SHADOWS_OFF LIGHTMAP_OFF DIRLIGHTMAP_OFF DYNAMICLIGHTMAP_OFF FOG_EXP VERTEXLIGHT_ON _TERRAIN_NORMAL_MAP ok=1
Cmd: compileSnippet
  api=4 type=0 insize=7111 outsize=6368 kw=DIRECTIONAL SHADOWS_OFF LIGHTMAP_OFF DIRLIGHTMAP_OFF DYNAMICLIGHTMAP_OFF FOG_EXP ok=1
Cmd: compileSnippet
  api=4 type=1 insize=7111 outsize=1843 kw=DIRECTIONAL SHADOWS_OFF LIGHTMAP_OFF DIRLIGHTMAP_OFF DYNAMICLIGHTMAP_OFF FOG_EXP ok=1
Cmd: compileSnippet
  api=4 type=0 insize=7502 outsize=6742 kw=DIRECTIONAL SHADOWS_OFF LIGHTMAP_OFF DIRLIGHTMAP_OFF DYNAMICLIGHTMAP_OFF FOG_EXP ok=1
Cmd: compileSnippet
  api=4 type=1 insize=7502 outsize=1843 kw=DIRECTIONAL SHADOWS_OFF LIGHTMAP_OFF DIRLIGHTMAP_OFF DYNAMICLIGHTMAP_OFF FOG_EXP ok=1
Cmd: compileSnippet
  api=4 type=0 insize=7037 outsize=3907 kw=DIRECTIONAL SHADOWS_OFF LIGHTMAP_OFF DIRLIGHTMAP_OFF DYNAMICLIGHTMAP_OFF FOG_EXP ok=1
Cmd: compileSnippet
  api=4 type=1 insize=7037 outsize=2517 kw=DIRECTIONAL SHADOWS_OFF LIGHTMAP_OFF DIRLIGHTMAP_OFF DYNAMICLIGHTMAP_OFF FOG_EXP ok=1
Cmd: compileSnippet
  api=4 type=0 insize=7509 outsize=9212 kw=DIRECTIONAL SHADOWS_OFF LIGHTMAP_OFF DIRLIGHTMAP_OFF DYNAMICLIGHTMAP_OFF FOG_EXP VERTEXLIGHT_ON ok=1
Cmd: compileSnippet
  api=4 type=0 insize=7523 outsize=4857 kw=DIRECTIONAL SHADOWS_OFF LIGHTMAP_OFF DIRLIGHTMAP_OFF DYNAMICLIGHTMAP_OFF FOG_EXP ok=1
Cmd: compileSnippet
  api=4 type=1 insize=7523 outsize=3890 kw=DIRECTIONAL SHADOWS_OFF LIGHTMAP_OFF DIRLIGHTMAP_OFF DYNAMICLIGHTMAP_OFF FOG_EXP ok=1
Cmd: compileSnippet
  api=4 type=0 insize=4918 outsize=4093 kw=SPOT FOG_EXP ok=1
Cmd: compileSnippet
  api=4 type=1 insize=4918 outsize=4492 kw=SPOT FOG_EXP ok=1
Cmd: compileSnippet
  api=4 type=0 insize=4918 outsize=4093 kw=POINT FOG_EXP ok=1
Cmd: compileSnippet
  api=4 type=1 insize=4918 outsize=3963 kw=POINT FOG_EXP ok=1
Cmd: compileSnippet
  api=4 type=0 insize=7523 outsize=5207 kw=DIRECTIONAL SHADOWS_SCREEN LIGHTMAP_OFF DIRLIGHTMAP_OFF DYNAMICLIGHTMAP_OFF FOG_EXP ok=1
Cmd: compileSnippet
  api=4 type=1 insize=7523 outsize=4199 kw=DIRECTIONAL SHADOWS_SCREEN LIGHTMAP_OFF DIRLIGHTMAP_OFF DYNAMICLIGHTMAP_OFF FOG_EXP ok=1
Cmd: compileSnippet
  api=4 type=0 insize=1706 outsize=2241 kw=FOG_EXP SOFTPARTICLES_ON ok=1
Cmd: compileSnippet
  api=4 type=1 insize=1706 outsize=1745 kw=FOG_EXP SOFTPARTICLES_ON ok=1
